# JRE version: Java(TM) SE Runtime Environment (17.0.6+9) (build 17.0.6+9-LTS-190)
# Java VM: Java HotSpot(TM) 64-Bit Server VM (17.0.6+9-LTS-190, mixed mode, sharing, tiered, compressed oops, compressed class ptrs, g1 gc, windows-amd64)
GC Precious Log:
 CPUs: 8 total, 8 available
 Memory: 7991M
 Large Page Support: Disabled
 NUMA Support: Disabled
 Compressed Oops: Enabled (32-bit)
 Heap Region Size: 1M
 Heap Min Capacity: 8M
 Heap Initial Capacity: 126M
 Heap Max Capacity: 1998M
 Pre-touch: Disabled
 Parallel Workers: 8
 Concurrent Workers: 2
 Concurrent Refinement Workers: 8
 Periodic GC: Disabled
Heap:
 garbage-first heap   total 78848K, used 42412K [0x0000000083200000, 0x0000000100000000)
  region size 1024K, 22 young (22528K), 3 survivors (3072K)
 Metaspace       used 40715K, committed 41152K, reserved 1089536K
  class space    used 5359K, committed 5568K, reserved 1048576K
GC Heap History (16 events):
Event: 1.706 GC heap before
{Heap before GC invocations=0 (full 0):
 garbage-first heap   total 129024K, used 23552K [0x0000000083200000, 0x0000000100000000)
  region size 1024K, 23 young (23552K), 0 survivors (0K)
 Metaspace       used 5141K, committed 5376K, reserved 1056768K
  class space    used 570K, committed 704K, reserved 1048576K
}
Event: 1.717 GC heap after
{Heap after GC invocations=1 (full 0):
 garbage-first heap   total 129024K, used 9839K [0x0000000083200000, 0x0000000100000000)
  region size 1024K, 3 young (3072K), 3 survivors (3072K)
 Metaspace       used 5141K, committed 5376K, reserved 1056768K
  class space    used 570K, committed 704K, reserved 1048576K
}
Event: 2.950 GC heap before
{Heap before GC invocations=1 (full 0):
 garbage-first heap   total 129024K, used 32367K [0x0000000083200000, 0x0000000100000000)
  region size 1024K, 26 young (26624K), 3 survivors (3072K)
 Metaspace       used 11672K, committed 11904K, reserved 1064960K
  class space    used 1482K, committed 1600K, reserved 1048576K
}
Event: 2.960 GC heap after
{Heap after GC invocations=2 (full 0):
 garbage-first heap   total 129024K, used 12508K [0x0000000083200000, 0x0000000100000000)
  region size 1024K, 3 young (3072K), 3 survivors (3072K)
 Metaspace       used 11672K, committed 11904K, reserved 1064960K
  class space    used 1482K, committed 1600K, reserved 1048576K
}
Event: 4.664 GC heap before
{Heap before GC invocations=2 (full 0):
 garbage-first heap   total 129024K, used 57564K [0x0000000083200000, 0x0000000100000000)
  region size 1024K, 47 young (48128K), 3 survivors (3072K)
 Metaspace       used 20143K, committed 20480K, reserved 1073152K
  class space    used 2519K, committed 2688K, reserved 1048576K
}
Event: 4.682 GC heap after
{Heap after GC invocations=3 (full 0):
 garbage-first heap   total 129024K, used 16241K [0x0000000083200000, 0x0000000100000000)
  region size 1024K, 6 young (6144K), 6 survivors (6144K)
 Metaspace       used 20143K, committed 20480K, reserved 1073152K
  class space    used 2519K, committed 2688K, reserved 1048576K
}
Event: 5.173 GC heap before
{Heap before GC invocations=3 (full 0):
 garbage-first heap   total 129024K, used 27505K [0x0000000083200000, 0x0000000100000000)
  region size 1024K, 18 young (18432K), 6 survivors (6144K)
 Metaspace       used 21239K, committed 21504K, reserved 1073152K
  class space    used 2655K, committed 2816K, reserved 1048576K
}
Event: 5.187 GC heap after
{Heap after GC invocations=4 (full 0):
 garbage-first heap   total 129024K, used 17264K [0x0000000083200000, 0x0000000100000000)
  region size 1024K, 5 young (5120K), 5 survivors (5120K)
 Metaspace       used 21239K, committed 21504K, reserved 1073152K
  class space    used 2655K, committed 2816K, reserved 1048576K
}
Event: 6.921 GC heap before
{Heap before GC invocations=5 (full 0):
 garbage-first heap   total 65536K, used 50032K [0x0000000083200000, 0x0000000100000000)
  region size 1024K, 38 young (38912K), 5 survivors (5120K)
 Metaspace       used 25412K, committed 25664K, reserved 1073152K
  class space    used 3194K, committed 3328K, reserved 1048576K
}
Event: 6.943 GC heap after
{Heap after GC invocations=6 (full 0):
 garbage-first heap   total 65536K, used 19463K [0x0000000083200000, 0x0000000100000000)
  region size 1024K, 4 young (4096K), 4 survivors (4096K)
 Metaspace       used 25412K, committed 25664K, reserved 1073152K
  class space    used 3194K, committed 3328K, reserved 1048576K
}
Event: 8.269 GC heap before
{Heap before GC invocations=6 (full 0):
 garbage-first heap   total 65536K, used 43015K [0x0000000083200000, 0x0000000100000000)
  region size 1024K, 28 young (28672K), 4 survivors (4096K)
 Metaspace       used 29362K, committed 29760K, reserved 1081344K
  class space    used 3769K, committed 3968K, reserved 1048576K
}
Event: 8.294 GC heap after
{Heap after GC invocations=7 (full 0):
 garbage-first heap   total 65536K, used 21667K [0x0000000083200000, 0x0000000100000000)
  region size 1024K, 3 young (3072K), 3 survivors (3072K)
 Metaspace       used 29362K, committed 29760K, reserved 1081344K
  class space    used 3769K, committed 3968K, reserved 1048576K
}
Event: 10.242 GC heap before
{Heap before GC invocations=7 (full 0):
 garbage-first heap   total 65536K, used 44195K [0x0000000083200000, 0x0000000100000000)
  region size 1024K, 26 young (26624K), 3 survivors (3072K)
 Metaspace       used 32823K, committed 33216K, reserved 1081344K
  class space    used 4187K, committed 4352K, reserved 1048576K
}
Event: 10.272 GC heap after
{Heap after GC invocations=8 (full 0):
 garbage-first heap   total 78848K, used 23392K [0x0000000083200000, 0x0000000100000000)
  region size 1024K, 2 young (2048K), 2 survivors (2048K)
 Metaspace       used 32823K, committed 33216K, reserved 1081344K
  class space    used 4187K, committed 4352K, reserved 1048576K
}
Event: 10.976 GC heap before
{Heap before GC invocations=8 (full 0):
 garbage-first heap   total 78848K, used 34656K [0x0000000083200000, 0x0000000100000000)
  region size 1024K, 15 young (15360K), 2 survivors (2048K)
 Metaspace       used 35686K, committed 36096K, reserved 1081344K
  class space    used 4580K, committed 4800K, reserved 1048576K
}
Event: 10.991 GC heap after
{Heap after GC invocations=9 (full 0):
 garbage-first heap   total 78848K, used 23980K [0x0000000083200000, 0x0000000100000000)
  region size 1024K, 3 young (3072K), 3 survivors (3072K)
 Metaspace       used 35686K, committed 36096K, reserved 1081344K
  class space    used 4580K, committed 4800K, reserved 1048576K
}

