# JRE version: Java(TM) SE Runtime Environment (17.0.6+9) (build 17.0.6+9-LTS-190)
# Java VM: Java HotSpot(TM) 64-Bit Server VM (17.0.6+9-LTS-190, mixed mode, sharing, tiered, compressed oops, compressed class ptrs, g1 gc, windows-amd64)
GC Precious Log:
 CPUs: 8 total, 8 available
 Memory: 7991M
 Large Page Support: Disabled
 NUMA Support: Disabled
 Compressed Oops: Enabled (32-bit)
 Heap Region Size: 1M
 Heap Min Capacity: 8M
 Heap Initial Capacity: 126M
 Heap Max Capacity: 1998M
 Pre-touch: Disabled
 Parallel Workers: 8
 Concurrent Workers: 2
 Concurrent Refinement Workers: 8
 Periodic GC: Disabled
Heap:
 garbage-first heap   total 54272K, used 24116K [0x0000000083200000, 0x0000000100000000)
  region size 1024K, 10 young (10240K), 3 survivors (3072K)
 Metaspace       used 36972K, committed 37440K, reserved 1081344K
  class space    used 4962K, committed 5184K, reserved 1048576K
GC Heap History (16 events):
Event: 1.353 GC heap before
{Heap before GC invocations=0 (full 0):
 garbage-first heap   total 129024K, used 25600K [0x0000000083200000, 0x0000000100000000)
  region size 1024K, 23 young (23552K), 0 survivors (0K)
 Metaspace       used 5768K, committed 5952K, reserved 1056768K
  class space    used 660K, committed 768K, reserved 1048576K
}
Event: 1.364 GC heap after
{Heap after GC invocations=1 (full 0):
 garbage-first heap   total 129024K, used 6315K [0x0000000083200000, 0x0000000100000000)
  region size 1024K, 3 young (3072K), 3 survivors (3072K)
 Metaspace       used 5768K, committed 5952K, reserved 1056768K
  class space    used 660K, committed 768K, reserved 1048576K
}
Event: 2.490 GC heap before
{Heap before GC invocations=1 (full 0):
 garbage-first heap   total 129024K, used 32939K [0x0000000083200000, 0x0000000100000000)
  region size 1024K, 29 young (29696K), 3 survivors (3072K)
 Metaspace       used 11683K, committed 11968K, reserved 1064960K
  class space    used 1496K, committed 1600K, reserved 1048576K
}
Event: 2.501 GC heap after
{Heap after GC invocations=2 (full 0):
 garbage-first heap   total 129024K, used 8048K [0x0000000083200000, 0x0000000100000000)
  region size 1024K, 2 young (2048K), 2 survivors (2048K)
 Metaspace       used 11683K, committed 11968K, reserved 1064960K
  class space    used 1496K, committed 1600K, reserved 1048576K
}
Event: 4.676 GC heap before
{Heap before GC invocations=2 (full 0):
 garbage-first heap   total 129024K, used 62320K [0x0000000083200000, 0x0000000100000000)
  region size 1024K, 57 young (58368K), 2 survivors (2048K)
 Metaspace       used 21216K, committed 21504K, reserved 1073152K
  class space    used 2719K, committed 2880K, reserved 1048576K
}
Event: 4.695 GC heap after
{Heap after GC invocations=3 (full 0):
 garbage-first heap   total 129024K, used 11402K [0x0000000083200000, 0x0000000100000000)
  region size 1024K, 5 young (5120K), 5 survivors (5120K)
 Metaspace       used 21216K, committed 21504K, reserved 1073152K
  class space    used 2719K, committed 2880K, reserved 1048576K
}
Event: 5.690 GC heap before
{Heap before GC invocations=4 (full 0):
 garbage-first heap   total 45056K, used 32906K [0x0000000083200000, 0x0000000100000000)
  region size 1024K, 26 young (26624K), 5 survivors (5120K)
 Metaspace       used 24788K, committed 25152K, reserved 1073152K
  class space    used 3223K, committed 3392K, reserved 1048576K
}
Event: 5.713 GC heap after
{Heap after GC invocations=5 (full 0):
 garbage-first heap   total 45056K, used 13611K [0x0000000083200000, 0x0000000100000000)
  region size 1024K, 3 young (3072K), 3 survivors (3072K)
 Metaspace       used 24788K, committed 25152K, reserved 1073152K
  class space    used 3223K, committed 3392K, reserved 1048576K
}
Event: 6.268 GC heap before
{Heap before GC invocations=5 (full 0):
 garbage-first heap   total 45056K, used 31019K [0x0000000083200000, 0x0000000100000000)
  region size 1024K, 20 young (20480K), 3 survivors (3072K)
 Metaspace       used 28753K, committed 29120K, reserved 1081344K
  class space    used 3798K, committed 3968K, reserved 1048576K
}
Event: 6.280 GC heap after
{Heap after GC invocations=6 (full 0):
 garbage-first heap   total 45056K, used 14681K [0x0000000083200000, 0x0000000100000000)
  region size 1024K, 2 young (2048K), 2 survivors (2048K)
 Metaspace       used 28753K, committed 29120K, reserved 1081344K
  class space    used 3798K, committed 3968K, reserved 1048576K
}
Event: 7.349 GC heap before
{Heap before GC invocations=6 (full 0):
 garbage-first heap   total 45056K, used 31065K [0x0000000083200000, 0x0000000100000000)
  region size 1024K, 19 young (19456K), 2 survivors (2048K)
 Metaspace       used 31488K, committed 31936K, reserved 1081344K
  class space    used 4188K, committed 4416K, reserved 1048576K
}
Event: 7.363 GC heap after
{Heap after GC invocations=7 (full 0):
 garbage-first heap   total 45056K, used 15534K [0x0000000083200000, 0x0000000100000000)
  region size 1024K, 3 young (3072K), 3 survivors (3072K)
 Metaspace       used 31488K, committed 31936K, reserved 1081344K
  class space    used 4188K, committed 4416K, reserved 1048576K
}
Event: 8.205 GC heap before
{Heap before GC invocations=7 (full 0):
 garbage-first heap   total 45056K, used 32942K [0x0000000083200000, 0x0000000100000000)
  region size 1024K, 20 young (20480K), 3 survivors (3072K)
 Metaspace       used 33571K, committed 33984K, reserved 1081344K
  class space    used 4482K, committed 4672K, reserved 1048576K
}
Event: 8.220 GC heap after
{Heap after GC invocations=8 (full 0):
 garbage-first heap   total 45056K, used 17068K [0x0000000083200000, 0x0000000100000000)
  region size 1024K, 3 young (3072K), 3 survivors (3072K)
 Metaspace       used 33571K, committed 33984K, reserved 1081344K
  class space    used 4482K, committed 4672K, reserved 1048576K
}
Event: 8.721 GC heap before
{Heap before GC invocations=8 (full 0):
 garbage-first heap   total 45056K, used 22188K [0x0000000083200000, 0x0000000100000000)
  region size 1024K, 9 young (9216K), 3 survivors (3072K)
 Metaspace       used 35510K, committed 35968K, reserved 1081344K
  class space    used 4750K, committed 4928K, reserved 1048576K
}
Event: 8.736 GC heap after
{Heap after GC invocations=9 (full 0):
 garbage-first heap   total 54272K, used 17972K [0x0000000083200000, 0x0000000100000000)
  region size 1024K, 3 young (3072K), 3 survivors (3072K)
 Metaspace       used 35510K, committed 35968K, reserved 1081344K
  class space    used 4750K, committed 4928K, reserved 1048576K
}

